0 info it worked if it ends with ok
1 verbose cli [ '/usr/local/Cellar/node/7.6.0/bin/node',
1 verbose cli   '/usr/local/bin/npm',
1 verbose cli   'run',
1 verbose cli   'lint' ]
2 info using npm@4.1.2
3 info using node@v7.6.0
4 verbose run-script [ 'prelint', 'lint', 'postlint' ]
5 info lifecycle react-redux-starter-kit@3.0.0-alpha.2~prelint: react-redux-starter-kit@3.0.0-alpha.2
6 silly lifecycle react-redux-starter-kit@3.0.0-alpha.2~prelint: no script for prelint, continuing
7 info lifecycle react-redux-starter-kit@3.0.0-alpha.2~lint: react-redux-starter-kit@3.0.0-alpha.2
8 verbose lifecycle react-redux-starter-kit@3.0.0-alpha.2~lint: unsafe-perm in lifecycle true
9 verbose lifecycle react-redux-starter-kit@3.0.0-alpha.2~lint: PATH: /usr/local/lib/node_modules/npm/bin/node-gyp-bin:/Users/joelstebbins/Documents/projects/MassMutual/react-redux-starter-kit/node_modules/.bin:/usr/local/bin:/usr/bin:/bin:/usr/sbin:/sbin
10 verbose lifecycle react-redux-starter-kit@3.0.0-alpha.2~lint: CWD: /Users/joelstebbins/Documents/projects/MassMutual/react-redux-starter-kit
11 silly lifecycle react-redux-starter-kit@3.0.0-alpha.2~lint: Args: [ '-c', 'eslint bin build config server src tests' ]
12 silly lifecycle react-redux-starter-kit@3.0.0-alpha.2~lint: Returned: code: 1  signal: null
13 info lifecycle react-redux-starter-kit@3.0.0-alpha.2~lint: Failed to exec lint script
14 verbose stack Error: react-redux-starter-kit@3.0.0-alpha.2 lint: `eslint bin build config server src tests`
14 verbose stack Exit status 1
14 verbose stack     at EventEmitter.<anonymous> (/usr/local/lib/node_modules/npm/lib/utils/lifecycle.js:279:16)
14 verbose stack     at emitTwo (events.js:106:13)
14 verbose stack     at EventEmitter.emit (events.js:192:7)
14 verbose stack     at ChildProcess.<anonymous> (/usr/local/lib/node_modules/npm/lib/utils/spawn.js:40:14)
14 verbose stack     at emitTwo (events.js:106:13)
14 verbose stack     at ChildProcess.emit (events.js:192:7)
14 verbose stack     at maybeClose (internal/child_process.js:890:16)
14 verbose stack     at Process.ChildProcess._handle.onexit (internal/child_process.js:226:5)
15 verbose pkgid react-redux-starter-kit@3.0.0-alpha.2
16 verbose cwd /Users/joelstebbins/Documents/projects/MassMutual/react-redux-starter-kit
17 error Darwin 16.4.0
18 error argv "/usr/local/Cellar/node/7.6.0/bin/node" "/usr/local/bin/npm" "run" "lint"
19 error node v7.6.0
20 error npm  v4.1.2
21 error code ELIFECYCLE
22 error react-redux-starter-kit@3.0.0-alpha.2 lint: `eslint bin build config server src tests`
22 error Exit status 1
23 error Failed at the react-redux-starter-kit@3.0.0-alpha.2 lint script 'eslint bin build config server src tests'.
23 error Make sure you have the latest version of node.js and npm installed.
23 error If you do, this is most likely a problem with the react-redux-starter-kit package,
23 error not with npm itself.
23 error Tell the author that this fails on your system:
23 error     eslint bin build config server src tests
23 error You can get information on how to open an issue for this project with:
23 error     npm bugs react-redux-starter-kit
23 error Or if that isn't available, you can get their info via:
23 error     npm owner ls react-redux-starter-kit
23 error There is likely additional logging output above.
24 verbose exit [ 1, true ]
